<?xml version="1.0" encoding="UTF-8"?>
<!-- Generated by org.testng.reporters.JUnitReportReporter -->
<testsuite name="Himanshu.EbayProj.ShoppingCart" tests="1" time="0.004" ignored="0" failures="0" timestamp="09 Feb 2017 12:20:21 GMT" skipped="0" hostname="dluhsoni362446" errors="0">
  <testcase name="validateProductOnCart" time="0.004" classname="Himanshu.EbayProj.ShoppingCart"/>
</testsuite> <!-- Himanshu.EbayProj.ShoppingCart -->
