<?xml version="1.0" encoding="UTF-8"?>
<!-- Generated by org.testng.reporters.JUnitReportReporter -->
<testsuite name="Himanshu.EbayProj.SearchProduct" tests="7" time="30.723" ignored="0" failures="0" timestamp="10 Feb 2017 11:57:50 GMT" skipped="0" hostname="dluhsoni362446" errors="0">
  <testcase name="validateProductDetails" time="3.755" classname="Himanshu.EbayProj.SearchProduct"/>
  <testcase name="validateAllProductsOnSearchPage" time="1.704" classname="Himanshu.EbayProj.SearchProduct"/>
  <testcase name="validateShoppingCart" time="10.514" classname="Himanshu.EbayProj.SearchProduct"/>
  <testcase name="randomItemSelector" time="7.330" classname="Himanshu.EbayProj.SearchProduct"/>
  <testcase name="validateGuestCheckOutScreen" time="0.101" classname="Himanshu.EbayProj.SearchProduct"/>
  <testcase name="searchProductOnEbay" time="3.818" classname="Himanshu.EbayProj.SearchProduct"/>
  <testcase name="selectItemCategoryByScreenSize" time="3.501" classname="Himanshu.EbayProj.SearchProduct"/>
</testsuite> <!-- Himanshu.EbayProj.SearchProduct -->
