<?xml version="1.0" encoding="UTF-8"?>
<!-- Generated by org.testng.reporters.JUnitReportReporter -->
<testsuite name="Himanshu.EbayProj.BasicSetup" tests="1" time="16.775" ignored="0" failures="0" timestamp="10 Feb 2017 11:57:50 GMT" skipped="0" hostname="dluhsoni362446" errors="0">
  <testcase name="InvokeAppInBrowser" time="16.775" classname="Himanshu.EbayProj.BasicSetup"/>
</testsuite> <!-- Himanshu.EbayProj.BasicSetup -->
