<?xml version="1.0" encoding="UTF-8"?>
<!-- Generated by org.testng.reporters.JUnitReportReporter -->
<testsuite name="Himanshu.EbayProj.ShopingCart" tests="1" time="0.008" ignored="0" failures="0" timestamp="09 Feb 2017 12:26:34 GMT" skipped="0" hostname="dluhsoni362446" errors="0">
  <testcase name="f" time="0.008" classname="Himanshu.EbayProj.ShopingCart"/>
</testsuite> <!-- Himanshu.EbayProj.ShopingCart -->
