<?xml version="1.0" encoding="UTF-8"?>
<!-- Generated by org.testng.reporters.JUnitReportReporter -->
<testsuite name="Himanshu.EbayProj.ValidateShopCart" tests="1" time="0.055" ignored="0" failures="0" timestamp="09 Feb 2017 14:13:56 GMT" skipped="0" hostname="dluhsoni362446" errors="0">
  <testcase name="f" time="0.055" classname="Himanshu.EbayProj.ValidateShopCart"/>
</testsuite> <!-- Himanshu.EbayProj.ValidateShopCart -->
