<?xml version="1.0" encoding="UTF-8"?>
<!-- Generated by org.testng.reporters.JUnitReportReporter -->
<testsuite name="Himanshu.EbayProj.SearchProduct" tests="7" time="29.541" ignored="0" failures="0" timestamp="10 Feb 2017 13:22:43 GMT" skipped="0" hostname="dluhsoni362446" errors="0">
  <testcase name="validateShoppingCart" time="9.676" classname="Himanshu.EbayProj.SearchProduct"/>
  <testcase name="searchProductOnEbay" time="3.893" classname="Himanshu.EbayProj.SearchProduct"/>
  <testcase name="validateProductDetails" time="3.590" classname="Himanshu.EbayProj.SearchProduct"/>
  <testcase name="validateGuestCheckOutScreen" time="0.058" classname="Himanshu.EbayProj.SearchProduct"/>
  <testcase name="selectItemCategoryByScreenSize" time="3.038" classname="Himanshu.EbayProj.SearchProduct"/>
  <testcase name="validateAllProductsOnSearchPage" time="1.753" classname="Himanshu.EbayProj.SearchProduct"/>
  <testcase name="randomItemSelector" time="7.533" classname="Himanshu.EbayProj.SearchProduct"/>
</testsuite> <!-- Himanshu.EbayProj.SearchProduct -->
